<?xml version="1.0" encoding="UTF-8"?>
<!-- Generated by org.testng.reporters.JUnitReportReporter -->
<testsuite hostname="DESKTOP-0J67C42" failures="0" tests="1" name="runner.TestRunner" time="14.908" errors="0" timestamp="23 Apr 2024 05:38:51 GMT">
  <testcase classname="runner.TestRunner" name="runScenario" time="14.908"/>
</testsuite> <!-- runner.TestRunner -->
